<?xml version="1.0" encoding="UTF-8"?>
<testsuite name="com.bold.feature.settings.data.repository.SettingsRepositoryImplTest" tests="4" skipped="0" failures="0" errors="0" timestamp="2026-05-29T06:17:41.642Z" hostname="MacBook-Pro-de-Yulian.local" time="0.582">
  <properties/>
  <testcase name="updateTemperatureUnit should save value to DataStore" classname="com.bold.feature.settings.data.repository.SettingsRepositoryImplTest" time="0.556"/>
  <testcase name="getUserSettings should return default values initially" classname="com.bold.feature.settings.data.repository.SettingsRepositoryImplTest" time="0.006"/>
  <testcase name="saveLastLocation should save coordinates to DataStore" classname="com.bold.feature.settings.data.repository.SettingsRepositoryImplTest" time="0.008"/>
  <testcase name="updateLanguage should save value to DataStore" classname="com.bold.feature.settings.data.repository.SettingsRepositoryImplTest" time="0.007"/>
  <system-out><![CDATA[]]></system-out>
  <system-err><![CDATA[]]></system-err>
</testsuite>
